<?xml version="1.0" encoding="UTF-8"?>
<!-- Generated by org.testng.reporters.JUnitXMLReporter -->
<testsuite ignored="4" hostname="Soumyajit" failures="0" tests="2" name="Test3" time="34.714" errors="0" timestamp="2022-03-18T11:19:36 IST">
  <testcase classname="com.crm.autodesk.contactsPOMTest.CreateContactWithMandatoryFieldsTest" name="createContactWithMandatoryFields" time="8.119"/>
  <testcase classname="com.crm.autodesk.contactsPOMTest.CreateContactWithOrganization" name="createContactWithOrganization" time="14.042"/>
  <testcase classname="com.crm.autodesk.commonutility.BaseClass" name="@BeforeSuite beforeSuite" time="0.0">
    <ignored/>
  </testcase> <!-- @BeforeSuite beforeSuite -->
  <testcase classname="com.crm.autodesk.commonutility.BaseClass" name="@BeforeTest beforeTest" time="0.0">
    <ignored/>
  </testcase> <!-- @BeforeTest beforeTest -->
  <testcase classname="com.crm.autodesk.commonutility.BaseClass" name="@AfterSuite afterSuite" time="0.0">
    <ignored/>
  </testcase> <!-- @AfterSuite afterSuite -->
  <testcase classname="com.crm.autodesk.commonutility.BaseClass" name="@AfterTest afterTest" time="0.0">
    <ignored/>
  </testcase> <!-- @AfterTest afterTest -->
</testsuite> <!-- Test3 -->
