<?xml version="1.0" encoding="UTF-8"?>
<!-- Generated by org.testng.reporters.JUnitXMLReporter -->
<testsuite hostname="Soumyajit" ignored="2" name="Test" tests="4" failures="0" timestamp="2022-08-01T15:41:09 IST" time="0.033" errors="0">
  <testcase name="m3" time="0.004" classname="com.practiceMaven.BTest"/>
  <testcase name="m4" time="0.001" classname="com.practiceMaven.BTest"/>
  <testcase name="m1" time="0.001" classname="com.practiceMaven.ATest"/>
  <testcase name="m2" time="0.001" classname="com.practiceMaven.ATest"/>
  <testcase name="@BeforeSuite beforeSuit" time="0.0" classname="com.practiceMaven.BaseClassTest">
    <ignored/>
  </testcase> <!-- @BeforeSuite beforeSuit -->
  <testcase name="@AfterSuite afterSuit" time="0.0" classname="com.practiceMaven.BaseClassTest">
    <ignored/>
  </testcase> <!-- @AfterSuite afterSuit -->
</testsuite> <!-- Test -->
