<?xml version="1.0" encoding="UTF-8"?>
<testng-results skipped="0" failed="0" ignored="0" total="1" passed="1">
  <reporter-output>
  </reporter-output>
  <suite name="Default suite" duration-ms="28" started-at="2022-08-10T10:14:38 IST" finished-at="2022-08-10T10:14:38 IST">
    <groups>
    </groups>
    <test name="Default test" duration-ms="28" started-at="2022-08-10T10:14:38 IST" finished-at="2022-08-10T10:14:38 IST">
      <class name="com.practiceMaven.RunTimeParameterFromEclipse">
        <test-method status="PASS" signature="getRunTimeData()[pri:0, instance:com.practiceMaven.RunTimeParameterFromEclipse@6950e31]" name="getRunTimeData" duration-ms="5" started-at="2022-08-10T10:14:38 IST" finished-at="2022-08-10T10:14:38 IST">
          <reporter-output>
          </reporter-output>
        </test-method> <!-- getRunTimeData -->
      </class> <!-- com.practiceMaven.RunTimeParameterFromEclipse -->
    </test> <!-- Default test -->
  </suite> <!-- Default suite -->
</testng-results>
